<?xml version="1.0" encoding="UTF-8"?>
<!-- Generated by org.testng.reporters.JUnitReportReporter -->
<testsuite skipped="0" hostname="DESKTOP-02EDE3B" name="test.test" tests="1" failures="0" timestamp="2021-05-26T10:06:24 IST" time="4.871" errors="0">
  <testcase name="testHealthInsurance" time="4.871" classname="test.test"/>
  <system-out/>
</testsuite> <!-- test.test -->
